app/build/intermediates/manifest_merge_blame_file/debug/manifest-merger-blame-debug-report.txt
1<?xml version="1.0" encoding="utf-8"?>
2<manifest xmlns:android="http://schemas.android.com/apk/res/android"
3    package="com.example.labo03"
4    android:versionCode="1"
5    android:versionName="1.0" >
6
7    <uses-sdk
8        android:minSdkVersion="30"
8-->src\main\AndroidManifest.xml
9        android:targetSdkVersion="31" />
9-->src\main\AndroidManifest.xml
10
11    <uses-permission android:name="android.permission.CAMERA" /> <!-- Don't require camera, as this requires a rear camera. This allows it to work on the Nexus 7 -->
11-->[com.journeyapps:zxing-android-embedded:4.3.0] AndroidManifest.xml:22:5-65
11-->[com.journeyapps:zxing-android-embedded:4.3.0] AndroidManifest.xml:22:22-62
12    <uses-feature
12-->[com.journeyapps:zxing-android-embedded:4.3.0] AndroidManifest.xml:25:5-27:36
13        android:name="android.hardware.camera"
13-->[com.journeyapps:zxing-android-embedded:4.3.0] AndroidManifest.xml:26:9-47
14        android:required="false" />
14-->[com.journeyapps:zxing-android-embedded:4.3.0] AndroidManifest.xml:27:9-33
15    <uses-feature
15-->[com.journeyapps:zxing-android-embedded:4.3.0] AndroidManifest.xml:28:5-30:36
16        android:name="android.hardware.camera.front"
16-->[com.journeyapps:zxing-android-embedded:4.3.0] AndroidManifest.xml:29:9-53
17        android:required="false" /> <!-- TODO replace above two with next line after Android 4.2 -->
17-->[com.journeyapps:zxing-android-embedded:4.3.0] AndroidManifest.xml:30:9-33
18    <!-- <uses-feature android:name="android.hardware.camera.any"/> -->
19    <uses-feature
19-->[com.journeyapps:zxing-android-embedded:4.3.0] AndroidManifest.xml:33:5-35:36
20        android:name="android.hardware.camera.autofocus"
20-->[com.journeyapps:zxing-android-embedded:4.3.0] AndroidManifest.xml:34:9-57
21        android:required="false" />
21-->[com.journeyapps:zxing-android-embedded:4.3.0] AndroidManifest.xml:35:9-33
22    <uses-feature
22-->[com.journeyapps:zxing-android-embedded:4.3.0] AndroidManifest.xml:36:5-38:36
23        android:name="android.hardware.camera.flash"
23-->[com.journeyapps:zxing-android-embedded:4.3.0] AndroidManifest.xml:37:9-53
24        android:required="false" />
24-->[com.journeyapps:zxing-android-embedded:4.3.0] AndroidManifest.xml:38:9-33
25    <uses-feature
25-->[com.journeyapps:zxing-android-embedded:4.3.0] AndroidManifest.xml:39:5-41:36
26        android:name="android.hardware.screen.landscape"
26-->[com.journeyapps:zxing-android-embedded:4.3.0] AndroidManifest.xml:40:9-57
27        android:required="false" />
27-->[com.journeyapps:zxing-android-embedded:4.3.0] AndroidManifest.xml:41:9-33
28    <uses-feature
28-->[com.journeyapps:zxing-android-embedded:4.3.0] AndroidManifest.xml:42:5-44:36
29        android:name="android.hardware.wifi"
29-->[com.journeyapps:zxing-android-embedded:4.3.0] AndroidManifest.xml:43:9-45
30        android:required="false" />
30-->[com.journeyapps:zxing-android-embedded:4.3.0] AndroidManifest.xml:44:9-33
31
32    <application
32-->src\main\AndroidManifest.xml:5:5-33:19
33        android:allowBackup="true"
33-->src\main\AndroidManifest.xml:6:9-35
34        android:appComponentFactory="androidx.core.app.CoreComponentFactory"
34-->[androidx.core:core:1.7.0] AndroidManifest.xml:24:18-86
35        android:debuggable="true"
36        android:extractNativeLibs="false"
37        android:icon="@mipmap/ic_launcher"
37-->src\main\AndroidManifest.xml:7:9-43
38        android:label="@string/app_name"
38-->src\main\AndroidManifest.xml:8:9-41
39        android:roundIcon="@mipmap/ic_launcher_round"
39-->src\main\AndroidManifest.xml:9:9-54
40        android:supportsRtl="true"
40-->src\main\AndroidManifest.xml:10:9-35
41        android:testOnly="true"
42        android:theme="@style/Theme.SYM_Labo_03" >
42-->src\main\AndroidManifest.xml:11:9-49
43        <activity
43-->src\main\AndroidManifest.xml:12:9-15:20
44            android:name="com.example.labo03.BarCodeActivity"
44-->src\main\AndroidManifest.xml:13:13-44
45            android:windowSoftInputMode="stateHidden|adjustResize" >
45-->src\main\AndroidManifest.xml:14:13-67
46        </activity>
47        <activity
47-->src\main\AndroidManifest.xml:16:9-19:20
48            android:name="com.example.labo03.iBeaconActivity"
48-->src\main\AndroidManifest.xml:17:13-44
49            android:windowSoftInputMode="stateHidden|adjustResize" >
49-->src\main\AndroidManifest.xml:18:13-67
50        </activity>
51        <activity
51-->src\main\AndroidManifest.xml:20:9-23:20
52            android:name="com.example.labo03.NFCActivity"
52-->src\main\AndroidManifest.xml:21:13-40
53            android:windowSoftInputMode="stateHidden|adjustResize" >
53-->src\main\AndroidManifest.xml:22:13-67
54        </activity>
55        <activity
55-->src\main\AndroidManifest.xml:24:9-32:20
56            android:name="com.example.labo03.MainActivity"
56-->src\main\AndroidManifest.xml:25:13-41
57            android:exported="true" >
57-->src\main\AndroidManifest.xml:26:13-36
58            <intent-filter>
58-->src\main\AndroidManifest.xml:27:13-31:29
59                <action android:name="android.intent.action.MAIN" />
59-->src\main\AndroidManifest.xml:28:17-69
59-->src\main\AndroidManifest.xml:28:25-66
60
61                <category android:name="android.intent.category.LAUNCHER" />
61-->src\main\AndroidManifest.xml:30:17-77
61-->src\main\AndroidManifest.xml:30:27-74
62            </intent-filter>
63        </activity>
64        <activity android:name="com.mikepenz.aboutlibraries.ui.LibsActivity" />
64-->[com.mikepenz:aboutlibraries:6.2.3] AndroidManifest.xml:12:9-80
64-->[com.mikepenz:aboutlibraries:6.2.3] AndroidManifest.xml:12:19-77
65        <activity
65-->[com.journeyapps:zxing-android-embedded:4.3.0] AndroidManifest.xml:47:9-53:63
66            android:name="com.journeyapps.barcodescanner.CaptureActivity"
66-->[com.journeyapps:zxing-android-embedded:4.3.0] AndroidManifest.xml:48:13-74
67            android:clearTaskOnLaunch="true"
67-->[com.journeyapps:zxing-android-embedded:4.3.0] AndroidManifest.xml:49:13-45
68            android:screenOrientation="sensorLandscape"
68-->[com.journeyapps:zxing-android-embedded:4.3.0] AndroidManifest.xml:50:13-56
69            android:stateNotNeeded="true"
69-->[com.journeyapps:zxing-android-embedded:4.3.0] AndroidManifest.xml:51:13-42
70            android:theme="@style/zxing_CaptureTheme"
70-->[com.journeyapps:zxing-android-embedded:4.3.0] AndroidManifest.xml:52:13-54
71            android:windowSoftInputMode="stateAlwaysHidden" />
71-->[com.journeyapps:zxing-android-embedded:4.3.0] AndroidManifest.xml:53:13-60
72
73        <provider
73-->[androidx.emoji2:emoji2:1.0.0] AndroidManifest.xml:26:9-34:20
74            android:name="androidx.startup.InitializationProvider"
74-->[androidx.emoji2:emoji2:1.0.0] AndroidManifest.xml:27:13-67
75            android:authorities="com.example.labo03.androidx-startup"
75-->[androidx.emoji2:emoji2:1.0.0] AndroidManifest.xml:28:13-68
76            android:exported="false" >
76-->[androidx.emoji2:emoji2:1.0.0] AndroidManifest.xml:29:13-37
77            <meta-data
77-->[androidx.emoji2:emoji2:1.0.0] AndroidManifest.xml:31:13-33:52
78                android:name="androidx.emoji2.text.EmojiCompatInitializer"
78-->[androidx.emoji2:emoji2:1.0.0] AndroidManifest.xml:32:17-75
79                android:value="androidx.startup" />
79-->[androidx.emoji2:emoji2:1.0.0] AndroidManifest.xml:33:17-49
80            <meta-data
80-->[androidx.lifecycle:lifecycle-process:2.4.0] AndroidManifest.xml:31:13-33:52
81                android:name="androidx.lifecycle.ProcessLifecycleInitializer"
81-->[androidx.lifecycle:lifecycle-process:2.4.0] AndroidManifest.xml:32:17-78
82                android:value="androidx.startup" />
82-->[androidx.lifecycle:lifecycle-process:2.4.0] AndroidManifest.xml:33:17-49
83        </provider>
84    </application>
85
86</manifest>